Using pre-set license
Built from '2021.1/release' branch; Version is '2021.1.4f1 (4cd64a618c1b) revision 5035594'; Using compiler version '192528614'; Build Type 'Release'
OS: 'Windows 10 Home Single Language; OS build 22000.376; Version 2009; 64bit' Language: 'en' Physical Memory: 15792 MB
BatchMode: 1, IsHumanControllingUs: 0, StartBugReporterOnCrash: 0, Is64bit: 1, IsPro: 0

 COMMAND LINE ARGUMENTS:
E:\Game Development\Editor\Unity.exe
-adb2
-batchMode
-noUpm
-name
AssetImportWorker0
-projectPath
E:/Projects/Fighter Game
-logFile
Logs/AssetImportWorker0.log
-srvPort
61791
Successfully changed project path to: E:/Projects/Fighter Game
E:/Projects/Fighter Game
Using Asset Import Pipeline V2.
Refreshing native plugins compatible for Editor in 58.49 ms, found 1 plugins.
Preloading 0 native plugins for Editor in 0.00 ms.
Initialize engine version: 2021.1.4f1 (4cd64a618c1b)
[Subsystems] Discovering subsystems at path E:/Game Development/Editor/Data/Resources/UnitySubsystems
[Subsystems] Discovering subsystems at path E:/Projects/Fighter Game/Assets
GfxDevice: creating device client; threaded=0; jobified=0
Direct3D:
    Version:  Direct3D 11.0 [level 11.1]
    Renderer: NVIDIA GeForce RTX 3070 Laptop GPU (ID=0x249d)
    Vendor:   NVIDIA
    VRAM:     8044 MB
    Driver:   30.0.14.9649
Initialize mono
Mono path[0] = 'E:/Game Development/Editor/Data/Managed'
Mono path[1] = 'E:/Game Development/Editor/Data/MonoBleedingEdge/lib/mono/unityjit'
Mono config path = 'E:/Game Development/Editor/Data/MonoBleedingEdge/etc'
Using monoOptions --debugger-agent=transport=dt_socket,embedding=1,server=y,suspend=n,address=127.0.0.1:56032
Begin MonoManager ReloadAssembly
Registering precompiled unity dll's ...
Register platform support module: E:/Game Development/Editor/Data/PlaybackEngines/WindowsStandaloneSupport/UnityEditor.WindowsStandalone.Extensions.dll
Registered in 0.000918 seconds.
Native extension for WindowsStandalone target not found
Refreshing native plugins compatible for Editor in 70.11 ms, found 1 plugins.
Preloading 0 native plugins for Editor in 0.00 ms.
Mono: successfully reloaded assembly
- Completed reload, in  0.992 seconds
Platform modules already initialized, skipping
Registering precompiled user dll's ...
Registered in 0.002949 seconds.
Begin MonoManager ReloadAssembly
Native extension for WindowsStandalone target not found
Refreshing native plugins compatible for Editor in 0.65 ms, found 1 plugins.
Preloading 0 native plugins for Editor in 0.00 ms.
Mono: successfully reloaded assembly
- Completed reload, in  0.707 seconds
Platform modules already initialized, skipping
========================================================================
Worker process is ready to serve import requests
Launched and connected shader compiler UnityShaderCompiler.exe after 0.04 seconds
Refreshing native plugins compatible for Editor in 0.82 ms, found 1 plugins.
Preloading 0 native plugins for Editor in 0.00 ms.
Unloading 2679 Unused Serialized files (Serialized files now loaded: 0)
System memory in use before: 100.0 MB.
System memory in use after: 100.1 MB.

Unloading 15 unused Assets to reduce memory usage. Loaded Objects now: 3133.
Total: 1.985300 ms (FindLiveObjects: 0.276000 ms CreateObjectMapping: 0.081400 ms MarkObjects: 1.560000 ms  DeleteObjects: 0.067000 ms)

========================================================================
Received Import Request.
  path: Assets/Scripts/PlayerScripts/AttackUniversal.cs
  artifactKey: Guid(7d1de1245156820409ceb52337493dd0) Importer(815301076,1909f56bfc062723c751e8b465ee728b)
Start importing Assets/Scripts/PlayerScripts/AttackUniversal.cs using Guid(7d1de1245156820409ceb52337493dd0) Importer(815301076,1909f56bfc062723c751e8b465ee728b)  -> (artifact id: '0f21882750118308856c5fa424c52d42') in 0.022520 seconds 
========================================================================
Received Prepare
Registering precompiled user dll's ...
Registered in 0.003133 seconds.
Begin MonoManager ReloadAssembly
Native extension for WindowsStandalone target not found
Refreshing native plugins compatible for Editor in 0.57 ms, found 1 plugins.
Preloading 0 native plugins for Editor in 0.00 ms.
Mono: successfully reloaded assembly
- Completed reload, in  0.711 seconds
Platform modules already initialized, skipping
Refreshing native plugins compatible for Editor in 0.68 ms, found 1 plugins.
Preloading 0 native plugins for Editor in 0.00 ms.
Unloading 2666 Unused Serialized files (Serialized files now loaded: 0)
System memory in use before: 99.1 MB.
System memory in use after: 99.3 MB.

Unloading 10 unused Assets to reduce memory usage. Loaded Objects now: 3136.
Total: 1.935600 ms (FindLiveObjects: 0.256100 ms CreateObjectMapping: 0.076900 ms MarkObjects: 1.554900 ms  DeleteObjects: 0.046400 ms)

========================================================================
Received Prepare
Registering precompiled user dll's ...
Registered in 0.003125 seconds.
Begin MonoManager ReloadAssembly
Native extension for WindowsStandalone target not found
Refreshing native plugins compatible for Editor in 0.59 ms, found 1 plugins.
Preloading 0 native plugins for Editor in 0.00 ms.
Mono: successfully reloaded assembly
- Completed reload, in  0.705 seconds
Platform modules already initialized, skipping
Refreshing native plugins compatible for Editor in 0.56 ms, found 1 plugins.
Preloading 0 native plugins for Editor in 0.00 ms.
Unloading 2666 Unused Serialized files (Serialized files now loaded: 0)
System memory in use before: 99.2 MB.
System memory in use after: 99.4 MB.

Unloading 10 unused Assets to reduce memory usage. Loaded Objects now: 3139.
Total: 1.961200 ms (FindLiveObjects: 0.262600 ms CreateObjectMapping: 0.131200 ms MarkObjects: 1.515600 ms  DeleteObjects: 0.050300 ms)

========================================================================
Received Import Request.
  Time since last request: 366.278207 seconds.
  path: ProjectSettings/TagManager.asset
  artifactKey: Guid(00000000000000003000000000000000) Importer(815301076,1909f56bfc062723c751e8b465ee728b)
Start importing ProjectSettings/TagManager.asset using Guid(00000000000000003000000000000000) Importer(815301076,1909f56bfc062723c751e8b465ee728b)  -> (artifact id: '1e2f58abe6b20e4adaaad39b996e06f0') in 0.016216 seconds 
========================================================================
Received Import Request.
  Time since last request: 212.269689 seconds.
  path: Assets/Prefabs/Player Prefab/Player.prefab
  artifactKey: Guid(edb6b98a28b0ef84d80b301f8ebf2bce) Importer(815301076,1909f56bfc062723c751e8b465ee728b)
Start importing Assets/Prefabs/Player Prefab/Player.prefab using Guid(edb6b98a28b0ef84d80b301f8ebf2bce) Importer(815301076,1909f56bfc062723c751e8b465ee728b)  -> (artifact id: '33d0d9b37badf633c8f09db2812ef6b6') in 0.187487 seconds 
========================================================================
Received Import Request.
  Time since last request: 1.781353 seconds.
  path: Assets/Prefabs/Enemy Prefab/Enemy.prefab
  artifactKey: Guid(8c55b70168afd6b4792f46c4aaad949f) Importer(815301076,1909f56bfc062723c751e8b465ee728b)
Start importing Assets/Prefabs/Enemy Prefab/Enemy.prefab using Guid(8c55b70168afd6b4792f46c4aaad949f) Importer(815301076,1909f56bfc062723c751e8b465ee728b)  -> (artifact id: 'd428902c4ea714c52326087362cca5c9') in 0.094818 seconds 
========================================================================
Received Import Request.
  Time since last request: 176.482101 seconds.
  path: Assets/Scripts/PlayerScripts/CharavterAnimationDelegate.cs
  artifactKey: Guid(263293a7d2b1b784f835518010e49623) Importer(815301076,1909f56bfc062723c751e8b465ee728b)
Start importing Assets/Scripts/PlayerScripts/CharavterAnimationDelegate.cs using Guid(263293a7d2b1b784f835518010e49623) Importer(815301076,1909f56bfc062723c751e8b465ee728b)  -> (artifact id: '368f0e2383bb7149bfcb1401be7ae692') in 0.002113 seconds 
========================================================================
Received Prepare
Registering precompiled user dll's ...
Registered in 0.002792 seconds.
Begin MonoManager ReloadAssembly
Native extension for WindowsStandalone target not found
Refreshing native plugins compatible for Editor in 0.57 ms, found 1 plugins.
Preloading 0 native plugins for Editor in 0.00 ms.
Mono: successfully reloaded assembly
- Completed reload, in  0.680 seconds
Platform modules already initialized, skipping
Refreshing native plugins compatible for Editor in 0.71 ms, found 1 plugins.
Preloading 0 native plugins for Editor in 0.00 ms.
Unloading 2667 Unused Serialized files (Serialized files now loaded: 0)
System memory in use before: 116.7 MB.
System memory in use after: 116.9 MB.

Unloading 11 unused Assets to reduce memory usage. Loaded Objects now: 3151.
Total: 1.897500 ms (FindLiveObjects: 0.242100 ms CreateObjectMapping: 0.074500 ms MarkObjects: 1.532900 ms  DeleteObjects: 0.046700 ms)

========================================================================
Received Prepare
Registering precompiled user dll's ...
Registered in 0.003175 seconds.
Begin MonoManager ReloadAssembly
Native extension for WindowsStandalone target not found
Refreshing native plugins compatible for Editor in 0.56 ms, found 1 plugins.
Preloading 0 native plugins for Editor in 0.00 ms.
Mono: successfully reloaded assembly
- Completed reload, in  0.705 seconds
Platform modules already initialized, skipping
Refreshing native plugins compatible for Editor in 0.57 ms, found 1 plugins.
Preloading 0 native plugins for Editor in 0.00 ms.
Unloading 2667 Unused Serialized files (Serialized files now loaded: 0)
System memory in use before: 116.7 MB.
System memory in use after: 116.9 MB.

Unloading 10 unused Assets to reduce memory usage. Loaded Objects now: 3154.
Total: 2.181700 ms (FindLiveObjects: 0.332700 ms CreateObjectMapping: 0.113100 ms MarkObjects: 1.685200 ms  DeleteObjects: 0.049000 ms)

========================================================================
Received Prepare
Registering precompiled user dll's ...
Registered in 0.002868 seconds.
Begin MonoManager ReloadAssembly
Native extension for WindowsStandalone target not found
Refreshing native plugins compatible for Editor in 0.57 ms, found 1 plugins.
Preloading 0 native plugins for Editor in 0.00 ms.
Mono: successfully reloaded assembly
- Completed reload, in  0.701 seconds
Platform modules already initialized, skipping
Refreshing native plugins compatible for Editor in 0.56 ms, found 1 plugins.
Preloading 0 native plugins for Editor in 0.00 ms.
Unloading 2667 Unused Serialized files (Serialized files now loaded: 0)
System memory in use before: 116.8 MB.
System memory in use after: 117.0 MB.

Unloading 10 unused Assets to reduce memory usage. Loaded Objects now: 3157.
Total: 2.094300 ms (FindLiveObjects: 0.231700 ms CreateObjectMapping: 0.106900 ms MarkObjects: 1.708900 ms  DeleteObjects: 0.045600 ms)

========================================================================
Received Import Request.
  Time since last request: 560.797020 seconds.
  path: Assets/Scripts/PlayerScripts/CharavterAnimationDelegate.cs
  artifactKey: Guid(263293a7d2b1b784f835518010e49623) Importer(815301076,1909f56bfc062723c751e8b465ee728b)
Start importing Assets/Scripts/PlayerScripts/CharavterAnimationDelegate.cs using Guid(263293a7d2b1b784f835518010e49623) Importer(815301076,1909f56bfc062723c751e8b465ee728b)  -> (artifact id: 'd757aff8f5b0be4726cfb205f2cb6fc8') in 0.005048 seconds 
========================================================================
Received Prepare
Registering precompiled user dll's ...
Registered in 0.003144 seconds.
Begin MonoManager ReloadAssembly
Native extension for WindowsStandalone target not found
Refreshing native plugins compatible for Editor in 0.56 ms, found 1 plugins.
Preloading 0 native plugins for Editor in 0.00 ms.
Mono: successfully reloaded assembly
- Completed reload, in  0.670 seconds
Platform modules already initialized, skipping
Refreshing native plugins compatible for Editor in 0.57 ms, found 1 plugins.
Preloading 0 native plugins for Editor in 0.00 ms.
Unloading 2667 Unused Serialized files (Serialized files now loaded: 0)
System memory in use before: 116.8 MB.
System memory in use after: 117.0 MB.

Unloading 10 unused Assets to reduce memory usage. Loaded Objects now: 3160.
Total: 2.264600 ms (FindLiveObjects: 0.415600 ms CreateObjectMapping: 0.148900 ms MarkObjects: 1.651100 ms  DeleteObjects: 0.048000 ms)

========================================================================
Received Prepare
Registering precompiled user dll's ...
Registered in 0.002837 seconds.
Begin MonoManager ReloadAssembly
Native extension for WindowsStandalone target not found
Refreshing native plugins compatible for Editor in 0.56 ms, found 1 plugins.
Preloading 0 native plugins for Editor in 0.00 ms.
Mono: successfully reloaded assembly
- Completed reload, in  0.703 seconds
Platform modules already initialized, skipping
Refreshing native plugins compatible for Editor in 0.79 ms, found 1 plugins.
Preloading 0 native plugins for Editor in 0.00 ms.
Unloading 2667 Unused Serialized files (Serialized files now loaded: 0)
System memory in use before: 116.8 MB.
System memory in use after: 117.0 MB.

Unloading 10 unused Assets to reduce memory usage. Loaded Objects now: 3163.
Total: 2.230900 ms (FindLiveObjects: 0.242600 ms CreateObjectMapping: 0.129800 ms MarkObjects: 1.808500 ms  DeleteObjects: 0.049100 ms)

========================================================================
Received Prepare
Registering precompiled user dll's ...
Registered in 0.002994 seconds.
Begin MonoManager ReloadAssembly
Native extension for WindowsStandalone target not found
Refreshing native plugins compatible for Editor in 0.56 ms, found 1 plugins.
Preloading 0 native plugins for Editor in 0.00 ms.
Mono: successfully reloaded assembly
- Completed reload, in  0.647 seconds
Platform modules already initialized, skipping
Refreshing native plugins compatible for Editor in 0.56 ms, found 1 plugins.
Preloading 0 native plugins for Editor in 0.00 ms.
Unloading 2667 Unused Serialized files (Serialized files now loaded: 0)
System memory in use before: 116.8 MB.
System memory in use after: 117.0 MB.

Unloading 10 unused Assets to reduce memory usage. Loaded Objects now: 3166.
Total: 1.955200 ms (FindLiveObjects: 0.239000 ms CreateObjectMapping: 0.078100 ms MarkObjects: 1.583000 ms  DeleteObjects: 0.054200 ms)

========================================================================
Received Prepare
Registering precompiled user dll's ...
Registered in 0.002866 seconds.
Begin MonoManager ReloadAssembly
Native extension for WindowsStandalone target not found
Refreshing native plugins compatible for Editor in 0.57 ms, found 1 plugins.
Preloading 0 native plugins for Editor in 0.00 ms.
Mono: successfully reloaded assembly
- Completed reload, in  0.654 seconds
Platform modules already initialized, skipping
Refreshing native plugins compatible for Editor in 0.57 ms, found 1 plugins.
Preloading 0 native plugins for Editor in 0.00 ms.
Unloading 2667 Unused Serialized files (Serialized files now loaded: 0)
System memory in use before: 116.8 MB.
System memory in use after: 117.0 MB.

Unloading 10 unused Assets to reduce memory usage. Loaded Objects now: 3169.
Total: 1.996000 ms (FindLiveObjects: 0.235700 ms CreateObjectMapping: 0.105800 ms MarkObjects: 1.599000 ms  DeleteObjects: 0.054500 ms)

AssetImportWorkerClient::OnTransportError - code=2 error=End of file
